  DLight.cpp
  FTriangle.cpp
  image.cpp
C:\Users\Trevor\source\repos\CSCI5607\Project4\Project4\image.cpp(72,15): warning C4267: 'initializing': conversion from 'size_t' to 'int', possible loss of data
C:\Users\Trevor\source\repos\CSCI5607\Project4\Project4\image.cpp(160,30): warning C4244: 'argument': conversion from 'double' to 'int', possible loss of data
C:\Users\Trevor\source\repos\CSCI5607\Project4\Project4\image.cpp(161,30): warning C4244: 'argument': conversion from 'double' to 'int', possible loss of data
C:\Users\Trevor\source\repos\CSCI5607\Project4\Project4\image.cpp(162,30): warning C4244: 'argument': conversion from 'double' to 'int', possible loss of data
C:\Users\Trevor\source\repos\CSCI5607\Project4\Project4\image.cpp(179,42): warning C4244: 'argument': conversion from 'double' to 'Component', possible loss of data
C:\Users\Trevor\source\repos\CSCI5607\Project4\Project4\image.cpp(179,37): warning C4244: 'argument': conversion from 'double' to 'Component', possible loss of data
C:\Users\Trevor\source\repos\CSCI5607\Project4\Project4\image.cpp(179,32): warning C4244: 'argument': conversion from 'double' to 'Component', possible loss of data
C:\Users\Trevor\source\repos\CSCI5607\Project4\Project4\image.cpp(240,48): warning C4244: 'argument': conversion from 'double' to 'Component', possible loss of data
C:\Users\Trevor\source\repos\CSCI5607\Project4\Project4\image.cpp(240,41): warning C4244: 'argument': conversion from 'double' to 'Component', possible loss of data
C:\Users\Trevor\source\repos\CSCI5607\Project4\Project4\image.cpp(240,34): warning C4244: 'argument': conversion from 'double' to 'Component', possible loss of data
C:\Users\Trevor\source\repos\CSCI5607\Project4\Project4\image.cpp(288,18): warning C4244: 'initializing': conversion from 'double' to 'int', possible loss of data
C:\Users\Trevor\source\repos\CSCI5607\Project4\Project4\image.cpp(297,34): warning C4244: 'argument': conversion from 'double' to 'int', possible loss of data
C:\Users\Trevor\source\repos\CSCI5607\Project4\Project4\image.cpp(298,34): warning C4244: 'argument': conversion from 'double' to 'int', possible loss of data
C:\Users\Trevor\source\repos\CSCI5607\Project4\Project4\image.cpp(299,34): warning C4244: 'argument': conversion from 'double' to 'int', possible loss of data
C:\Users\Trevor\source\repos\CSCI5607\Project4\Project4\image.cpp(338,42): warning C4244: 'argument': conversion from 'double' to 'int', possible loss of data
C:\Users\Trevor\source\repos\CSCI5607\Project4\Project4\image.cpp(339,42): warning C4244: 'argument': conversion from 'double' to 'int', possible loss of data
C:\Users\Trevor\source\repos\CSCI5607\Project4\Project4\image.cpp(340,42): warning C4244: 'argument': conversion from 'double' to 'int', possible loss of data
C:\Users\Trevor\source\repos\CSCI5607\Project4\Project4\image.cpp(346,41): warning C4244: 'argument': conversion from 'double' to 'int', possible loss of data
C:\Users\Trevor\source\repos\CSCI5607\Project4\Project4\image.cpp(347,41): warning C4244: 'argument': conversion from 'double' to 'int', possible loss of data
C:\Users\Trevor\source\repos\CSCI5607\Project4\Project4\image.cpp(348,41): warning C4244: 'argument': conversion from 'double' to 'int', possible loss of data
C:\Users\Trevor\source\repos\CSCI5607\Project4\Project4\image.cpp(354,42): warning C4244: 'argument': conversion from 'double' to 'int', possible loss of data
C:\Users\Trevor\source\repos\CSCI5607\Project4\Project4\image.cpp(355,42): warning C4244: 'argument': conversion from 'double' to 'int', possible loss of data
C:\Users\Trevor\source\repos\CSCI5607\Project4\Project4\image.cpp(356,42): warning C4244: 'argument': conversion from 'double' to 'int', possible loss of data
C:\Users\Trevor\source\repos\CSCI5607\Project4\Project4\image.cpp(362,42): warning C4244: 'argument': conversion from 'double' to 'int', possible loss of data
C:\Users\Trevor\source\repos\CSCI5607\Project4\Project4\image.cpp(363,42): warning C4244: 'argument': conversion from 'double' to 'int', possible loss of data
C:\Users\Trevor\source\repos\CSCI5607\Project4\Project4\image.cpp(364,42): warning C4244: 'argument': conversion from 'double' to 'int', possible loss of data
C:\Users\Trevor\source\repos\CSCI5607\Project4\Project4\image.cpp(396,102): warning C4244: '=': conversion from 'double' to 'float', possible loss of data
C:\Users\Trevor\source\repos\CSCI5607\Project4\Project4\image.cpp(402,33): warning C4244: '/=': conversion from 'double' to 'float', possible loss of data
C:\Users\Trevor\source\repos\CSCI5607\Project4\Project4\image.cpp(418,102): warning C4244: '=': conversion from 'double' to 'float', possible loss of data
C:\Users\Trevor\source\repos\CSCI5607\Project4\Project4\image.cpp(424,33): warning C4244: '/=': conversion from 'double' to 'float', possible loss of data
C:\Users\Trevor\source\repos\CSCI5607\Project4\Project4\image.cpp(434,26): warning C4244: 'initializing': conversion from 'double' to 'int', possible loss of data
C:\Users\Trevor\source\repos\CSCI5607\Project4\Project4\image.cpp(565,26): warning C4244: 'initializing': conversion from 'double' to 'int', possible loss of data
C:\Users\Trevor\source\repos\CSCI5607\Project4\Project4\image.cpp(574,54): warning C4244: 'argument': conversion from 'double' to 'int', possible loss of data
C:\Users\Trevor\source\repos\CSCI5607\Project4\Project4\image.cpp(574,39): warning C4244: 'argument': conversion from 'double' to 'int', possible loss of data
C:\Users\Trevor\source\repos\CSCI5607\Project4\Project4\image.cpp(591,15): warning C4244: 'initializing': conversion from 'double' to 'int', possible loss of data
C:\Users\Trevor\source\repos\CSCI5607\Project4\Project4\image.cpp(595,45): warning C4244: '=': conversion from 'double' to 'int', possible loss of data
C:\Users\Trevor\source\repos\CSCI5607\Project4\Project4\image.cpp(596,45): warning C4244: '=': conversion from 'double' to 'int', possible loss of data
C:\Users\Trevor\source\repos\CSCI5607\Project4\Project4\image.cpp(599,40): warning C4244: '=': conversion from 'double' to 'int', possible loss of data
C:\Users\Trevor\source\repos\CSCI5607\Project4\Project4\image.cpp(600,40): warning C4244: '=': conversion from 'double' to 'int', possible loss of data
C:\Users\Trevor\source\repos\CSCI5607\Project4\Project4\image.cpp(641,26): warning C4244: 'initializing': conversion from 'int' to 'float', possible loss of data
C:\Users\Trevor\source\repos\CSCI5607\Project4\Project4\image.cpp(671,22): warning C4244: 'initializing': conversion from 'double' to 'int', possible loss of data
C:\Users\Trevor\source\repos\CSCI5607\Project4\Project4\image.cpp(672,22): warning C4244: 'initializing': conversion from 'double' to 'int', possible loss of data
C:\Users\Trevor\source\repos\CSCI5607\Project4\Project4\image.cpp(681,17): warning C4244: 'initializing': conversion from 'double' to 'int', possible loss of data
C:\Users\Trevor\source\repos\CSCI5607\Project4\Project4\image.cpp(682,17): warning C4244: 'initializing': conversion from 'double' to 'int', possible loss of data
C:\Users\Trevor\source\repos\CSCI5607\Project4\Project4\image.cpp(749,22): warning C4244: 'initializing': conversion from 'double' to 'int', possible loss of data
C:\Users\Trevor\source\repos\CSCI5607\Project4\Project4\image.cpp(750,22): warning C4244: 'initializing': conversion from 'double' to 'int', possible loss of data
C:\Users\Trevor\source\repos\CSCI5607\Project4\Project4\image.cpp(686,13): warning C4101: 'y': unreferenced local variable
C:\Users\Trevor\source\repos\CSCI5607\Project4\Project4\image.cpp(685,13): warning C4101: 'x': unreferenced local variable
  main.cpp
C:\Users\Trevor\source\repos\CSCI5607\Project4\Project4\main.cpp(248,15): warning C4244: 'initializing': conversion from 'double' to 'int', possible loss of data
C:\Users\Trevor\source\repos\CSCI5607\Project4\Project4\main.cpp(249,15): warning C4244: 'initializing': conversion from 'double' to 'int', possible loss of data
C:\Users\Trevor\source\repos\CSCI5607\Project4\Project4\main.cpp(250,15): warning C4244: 'initializing': conversion from 'double' to 'int', possible loss of data
C:\Users\Trevor\source\repos\CSCI5607\Project4\Project4\main.cpp(475,16): warning C4477: 'printf' : format string '%d' requires an argument of type 'int', but variadic argument 1 has type '_Rep'
          with
          [
              _Rep=__int64
          ]
C:\Users\Trevor\source\repos\CSCI5607\Project4\Project4\main.cpp(475,16): message : consider using '%lld' in the format string
C:\Users\Trevor\source\repos\CSCI5607\Project4\Project4\main.cpp(475,16): message : consider using '%Id' in the format string
C:\Users\Trevor\source\repos\CSCI5607\Project4\Project4\main.cpp(475,16): message : consider using '%I64d' in the format string
C:\Users\Trevor\source\repos\CSCI5607\Project4\Project4\main.cpp(458,18): warning C4101: 'p': unreferenced local variable
C:\Users\Trevor\source\repos\CSCI5607\Project4\Project4\main.cpp(457,13): warning C4101: 's_index': unreferenced local variable
  Material.cpp
  NTriangle.cpp
  pixel.cpp
  PLight.cpp
  Ray.cpp
  SLight.cpp
  Sphere.cpp
  Vec.cpp
  Generating Code...
  Project4.vcxproj -> C:\Users\Trevor\source\repos\CSCI5607\Project4\x64\Debug\RayTracer.exe
