c:\users\trevor\source\repos\csci5607\project4\project4\x64\debug\vc143.pdb
c:\users\trevor\source\repos\csci5607\project4\project4\x64\debug\vc143.idb
c:\users\trevor\source\repos\csci5607\project4\project4\x64\debug\vec.obj
c:\users\trevor\source\repos\csci5607\project4\project4\x64\debug\sphere.obj
c:\users\trevor\source\repos\csci5607\project4\project4\x64\debug\slight.obj
c:\users\trevor\source\repos\csci5607\project4\project4\x64\debug\ray.obj
c:\users\trevor\source\repos\csci5607\project4\project4\x64\debug\plight.obj
c:\users\trevor\source\repos\csci5607\project4\project4\x64\debug\pixel.obj
c:\users\trevor\source\repos\csci5607\project4\project4\x64\debug\ntriangle.obj
c:\users\trevor\source\repos\csci5607\project4\project4\x64\debug\material.obj
c:\users\trevor\source\repos\csci5607\project4\project4\x64\debug\main.obj
c:\users\trevor\source\repos\csci5607\project4\project4\x64\debug\image.obj
c:\users\trevor\source\repos\csci5607\project4\project4\x64\debug\ftriangle.obj
c:\users\trevor\source\repos\csci5607\project4\project4\x64\debug\dlight.obj
c:\users\trevor\source\repos\csci5607\project4\project4\x64\debug\raytracer.ilk
c:\users\trevor\source\repos\csci5607\project4\x64\debug\raytracer.exe
c:\users\trevor\source\repos\csci5607\project4\x64\debug\raytracer.pdb
c:\users\trevor\source\repos\csci5607\project4\project4\x64\debug\project4.tlog\cl.command.1.tlog
c:\users\trevor\source\repos\csci5607\project4\project4\x64\debug\project4.tlog\cl.items.tlog
c:\users\trevor\source\repos\csci5607\project4\project4\x64\debug\project4.tlog\cl.read.1.tlog
c:\users\trevor\source\repos\csci5607\project4\project4\x64\debug\project4.tlog\cl.write.1.tlog
c:\users\trevor\source\repos\csci5607\project4\project4\x64\debug\project4.tlog\link.command.1.tlog
c:\users\trevor\source\repos\csci5607\project4\project4\x64\debug\project4.tlog\link.read.1.tlog
c:\users\trevor\source\repos\csci5607\project4\project4\x64\debug\project4.tlog\link.write.1.tlog
